<?xml version="1.0" encoding="UTF-8"?>
<testng-results ignored="0" total="1" passed="1" failed="0" skipped="0">
  <reporter-output>
  </reporter-output>
  <suite started-at="2022-08-13T16:51:02 AMT" name="TestCases" finished-at="2022-08-13T16:51:02 AMT" duration-ms="36">
    <groups>
    </groups>
    <test started-at="2022-08-13T16:51:02 AMT" name="Command line test" finished-at="2022-08-13T16:51:02 AMT" duration-ms="36">
      <class name="TestCases">
        <test-method signature="setup()[pri:0, instance:TestCases@11e21d0e]" started-at="2022-08-13T16:51:02 AMT" name="setup" finished-at="2022-08-13T16:51:02 AMT" duration-ms="5" status="PASS">
          <reporter-output>
          </reporter-output>
        </test-method> <!-- setup -->
      </class> <!-- TestCases -->
    </test> <!-- Command line test -->
  </suite> <!-- TestCases -->
</testng-results>
